GNU gdb (Ubuntu 9.2-0ubuntu1~20.04.1) 9.2
Copyright (C) 2020 Free Software Foundation, Inc.
License GPLv3+: GNU GPL version 3 or later <http://gnu.org/licenses/gpl.html>
This is free software: you are free to change and redistribute it.
There is NO WARRANTY, to the extent permitted by law.
Type "show copying" and "show warranty" for details.
This GDB was configured as "x86_64-linux-gnu".
Type "show configuration" for configuration details.
For bug reporting instructions, please see:
<http://www.gnu.org/software/gdb/bugs/>.
Find the GDB manual and other documentation resources online at:
    <http://www.gnu.org/software/gdb/documentation/>.

For help, type "help".
Type "apropos word" to search for commands related to "word"...
Reading symbols from ./main...
(gdb) r < crack
Starting program: /mnt/c/Users/admin/Desktop/gdb_simple_pass_hack/main < crack
Input password:Password is correct!
Program running..
Program running..
Program running..
Program running..
Program running..
^C
Program received signal SIGINT, Interrupt.
0x00007fffff68d1e4 in __GI___clock_nanosleep (clock_id=<optimized out>, clock_id@entry=0, flags=flags@entry=0, req=req@entry=0x7ffffffedbd0,
    rem=rem@entry=0x7ffffffedbd0) at ../sysdeps/unix/sysv/linux/clock_nanosleep.c:78
78      ../sysdeps/unix/sysv/linux/clock_nanosleep.c: No such file or directory.
(gdb) quit
A debugging session is active.

        Inferior 1 [process 593] will be killed.

Quit anyway? (y or n) y